<?xml version="1.0" encoding="UTF-8"?>
<!-- Generated by org.testng.reporters.JUnitXMLReporter -->
<testsuite ignored="0" hostname="PC-Revathi" failures="0" tests="2" name="Test-Runner-1" time="117.432" errors="0" timestamp="2023-08-31T14:47:51 IST">
  <testcase classname="vtiger.OrganizationTests.CreateOrgWithIndustryTest" name="createOrgWithIndustryTest" time="28.069"/>
  <testcase classname="vtiger.OrganizationTests.CreateOrgWithIndustryTest" name="demo" time="0.003"/>
</testsuite> <!-- Test-Runner-1 -->
