<?xml version="1.0" encoding="UTF-8"?>
<!-- Generated by org.testng.reporters.JUnitXMLReporter -->
<testsuite ignored="0" hostname="PC-Revathi" failures="0" tests="1" name="Test-Runner-2" time="119.881" errors="0" timestamp="2023-08-31T14:47:53 IST">
  <testcase classname="vtiger.ContactTests.CreateContactWithOrganizationTest" name="createContactWithOrganizationTest" time="45.197"/>
</testsuite> <!-- Test-Runner-2 -->
