<?xml version="1.0" encoding="UTF-8"?>
<!-- Generated by org.testng.reporters.JUnitXMLReporter -->
<testsuite ignored="0" hostname="PC-Revathi" failures="0" tests="1" name="Test-runner-firefox" time="51.213" errors="0" timestamp="2023-08-31T15:24:05 IST">
  <testcase classname="vtiger.ContactTests.CreateContactWithOrganizationTest" name="createContactWithOrganizationTest" time="33.03"/>
</testsuite> <!-- Test-runner-firefox -->
