<?xml version="1.0" encoding="UTF-8"?>
<!-- Generated by org.testng.reporters.JUnitReportReporter -->
<testsuite hostname="PC-Revathi" failures="0" tests="2" name="vtiger.Practice.ListenersPractice" time="0.030" errors="0" timestamp="2023-09-01T14:49:17 IST" skipped="0">
  <testcase classname="vtiger.Practice.ListenersPractice" name="demo" time="0.025"/>
  <system-out/>
  <testcase classname="vtiger.Practice.ListenersPractice" name="demo1" time="0.005"/>
  <system-out/>
</testsuite> <!-- vtiger.Practice.ListenersPractice -->
