<?xml version="1.0" encoding="UTF-8"?>
<!-- Generated by org.testng.reporters.JUnitReportReporter -->
<testsuite hostname="PC-Revathi" failures="0" tests="3" name="vtiger.Practice.TestNGpracticeEnabled" time="0.018" errors="0" timestamp="2023-08-22T19:33:14 IST" skipped="1">
  <testcase classname="vtiger.Practice.TestNGpracticeEnabled" name="deleteCustomer" time="0.016"/>
  <system-out/>
  <testcase classname="vtiger.Practice.TestNGpracticeEnabled" name="modifyCustomer" time="0.002"/>
  <system-out/>
  <testcase classname="vtiger.Practice.TestNGpracticeEnabled" name="createCustomer">
    <skipped/>
  </testcase> <!-- createCustomer -->
  <system-out/>
</testsuite> <!-- vtiger.Practice.TestNGpracticeEnabled -->
