<?xml version="1.0" encoding="UTF-8"?>
<!-- Generated by org.testng.reporters.JUnitReportReporter -->
<testsuite hostname="PC-Revathi" failures="0" tests="4" name="vtiger.Practice.TestNGpracticeinvocationCount" time="0.029" errors="0" timestamp="2023-08-22T19:32:17 IST" skipped="0">
  <testcase classname="vtiger.Practice.TestNGpracticeinvocationCount" name="deleteCustomer" time="0.019"/>
  <system-out/>
  <testcase classname="vtiger.Practice.TestNGpracticeinvocationCount" name="modifyCustomer" time="0.002"/>
  <system-out/>
  <testcase classname="vtiger.Practice.TestNGpracticeinvocationCount" name="createCustomer" time="0.004"/>
  <system-out/>
  <testcase classname="vtiger.Practice.TestNGpracticeinvocationCount" name="createCustomer" time="0.004"/>
  <system-out/>
</testsuite> <!-- vtiger.Practice.TestNGpracticeinvocationCount -->
