<?xml version="1.0" encoding="UTF-8"?>
<!-- Generated by org.testng.reporters.JUnitReportReporter -->
<testsuite hostname="PC-Revathi" failures="0" tests="2" name="vtiger.OrganizationTests.CreateOrgWithIndustryTest" time="20.396" errors="0" timestamp="2023-09-12T11:51:06 IST" skipped="0">
  <testcase classname="vtiger.OrganizationTests.CreateOrgWithIndustryTest" name="demo" time="5.946"/>
  <system-out/>
  <testcase classname="vtiger.OrganizationTests.CreateOrgWithIndustryTest" name="createOrgWithIndustryTest" time="14.450"/>
  <system-out/>
</testsuite> <!-- vtiger.OrganizationTests.CreateOrgWithIndustryTest -->
