<?xml version="1.0" encoding="UTF-8"?>
<!-- Generated by org.testng.reporters.JUnitReportReporter -->
<testsuite hostname="PC-Revathi" failures="0" tests="1" name="vtiger.Practice.BaseClassPractice" time="0.022" errors="0" timestamp="2023-09-09T21:33:24 IST" skipped="0">
  <testcase classname="vtiger.Practice.BaseClassPractice" name="test" time="0.022"/>
  <system-out/>
</testsuite> <!-- vtiger.Practice.BaseClassPractice -->
