<?xml version="1.0" encoding="UTF-8"?>
<!-- Generated by org.testng.reporters.JUnitReportReporter -->
<testsuite hostname="PC-Revathi" failures="0" tests="3" name="vtiger.Practice.TestNGPracticePriority" time="0.025" errors="0" timestamp="2023-09-09T21:33:24 IST" skipped="0">
  <testcase classname="vtiger.Practice.TestNGPracticePriority" name="createCustomer" time="0.002"/>
  <system-out/>
  <testcase classname="vtiger.Practice.TestNGPracticePriority" name="deleteCustomer" time="0.021"/>
  <system-out/>
  <testcase classname="vtiger.Practice.TestNGPracticePriority" name="modifyCustomer" time="0.002"/>
  <system-out/>
</testsuite> <!-- vtiger.Practice.TestNGPracticePriority -->
