<?xml version="1.0" encoding="UTF-8"?>
<!-- Generated by org.testng.reporters.JUnitReportReporter -->
<testsuite hostname="PC-Revathi" failures="0" tests="2" name="vtiger.Practice.DataProviderPractice" time="0.022" errors="0" timestamp="2023-08-23T10:51:45 IST" skipped="0">
  <testcase classname="vtiger.Practice.DataProviderPractice" name="addProductToCart" time="0.002"/>
  <system-out/>
  <testcase classname="vtiger.Practice.DataProviderPractice" name="addProductToCart" time="0.020"/>
  <system-out/>
</testsuite> <!-- vtiger.Practice.DataProviderPractice -->
