<?xml version="1.0" encoding="UTF-8"?>
<!-- Generated by org.testng.reporters.JUnitReportReporter -->
<testsuite hostname="PC-Revathi" failures="0" tests="1" name="vtiger.Practice.ReadDataFromCmdLine" time="0.015" errors="0" timestamp="2023-09-12T12:15:18 IST" skipped="0">
  <testcase classname="vtiger.Practice.ReadDataFromCmdLine" name="readData" time="0.015"/>
  <system-out/>
</testsuite> <!-- vtiger.Practice.ReadDataFromCmdLine -->
